<?xml version="1.0" encoding="UTF-8"?>
<testng-results skipped="0" failed="0" ignored="0" total="2" passed="2">
  <reporter-output>
  </reporter-output>
  <suite name="Default suite" duration-ms="4520" started-at="2021-05-30T20:19:50 IST" finished-at="2021-05-30T20:19:55 IST">
    <groups>
    </groups>
    <test name="Default test" duration-ms="4520" started-at="2021-05-30T20:19:50 IST" finished-at="2021-05-30T20:19:55 IST">
      <class name="testCases.TC_PetstoreAPI">
        <test-method status="PASS" signature="test_createUser()[pri:1, instance:testCases.TC_PetstoreAPI@27a5f880]" name="test_createUser" duration-ms="2523" started-at="2021-05-30T20:19:50 IST" finished-at="2021-05-30T20:19:53 IST">
          <reporter-output>
          </reporter-output>
        </test-method> <!-- test_createUser -->
        <test-method status="PASS" signature="test_getUser()[pri:2, instance:testCases.TC_PetstoreAPI@27a5f880]" name="test_getUser" duration-ms="1972" started-at="2021-05-30T20:19:53 IST" finished-at="2021-05-30T20:19:55 IST">
          <reporter-output>
          </reporter-output>
        </test-method> <!-- test_getUser -->
      </class> <!-- testCases.TC_PetstoreAPI -->
    </test> <!-- Default test -->
  </suite> <!-- Default suite -->
</testng-results>
